<?xml version="1.0" encoding="utf-8"?><testsuites><testsuite name="pytest" errors="0" failures="0" skipped="0" tests="30" time="10.887" timestamp="2022-10-28T08:42:20.329751" hostname="2d5e6d09b2a9"><testcase classname="contract_tests.test_caproto_contract" name="test_analog_contract_time" time="0.322" /><testcase classname="contract_tests.test_caproto_contract" name="test_analog_contract_control" time="0.314" /><testcase classname="contract_tests.test_caproto_contract" name="test_alarm_contract" time="0.866" /><testcase classname="contract_tests.test_caproto_contract" name="test_string_contract_time" time="0.231" /><testcase classname="contract_tests.test_caproto_contract" name="test_string_contract_control" time="0.315" /><testcase classname="contract_tests.test_caproto_contract" name="test_mbbi_contract_time" time="0.453" /><testcase classname="contract_tests.test_caproto_contract" name="test_mbbi_contract_control" time="0.322" /><testcase classname="contract_tests.test_caproto_contract" name="test_binary_contract_time" time="0.659" /><testcase classname="contract_tests.test_caproto_contract" name="test_bi_contract_control" time="0.312" /><testcase classname="contract_tests.test_caproto_contract" name="test_numeric_waveform_contract_time" time="0.325" /><testcase classname="contract_tests.test_caproto_contract" name="test_numeric_waveform_contract_control" time="0.316" /><testcase classname="contract_tests.test_caproto_contract" name="test_char_waveform_contract_time" time="0.342" /><testcase classname="contract_tests.test_caproto_contract" name="test_char_waveform_contract_control" time="0.315" /><testcase classname="contract_tests.test_caproto_contract" name="test_string_waveform_contract_time" time="0.331" /><testcase classname="contract_tests.test_caproto_contract" name="test_string_waveform_contract_control" time="0.326" /><testcase classname="contract_tests.test_caproto_contract" name="test_analog_array_contract_time" time="0.338" /><testcase classname="contract_tests.test_caproto_contract" name="test_analog_array_contract_control" time="0.325" /><testcase classname="contract_tests.test_caproto_contract" name="test_connection_callback" time="0.214" /><testcase classname="contract_tests.test_caproto_contract" name="test_value_callback_when_units_change" time="0.358" /><testcase classname="contract_tests.test_kafka_contract.TestKafkaContract" name="test_write_and_read_message" time="1.646" /><testcase classname="contract_tests.test_p4p_contract" name="test_analog_contract" time="0.197" /><testcase classname="contract_tests.test_p4p_contract" name="test_alarm_contract" time="0.364" /><testcase classname="contract_tests.test_p4p_contract" name="test_string_contract" time="0.132" /><testcase classname="contract_tests.test_p4p_contract" name="test_mbbi_contract" time="0.245" /><testcase classname="contract_tests.test_p4p_contract" name="test_binary_contract" time="0.235" /><testcase classname="contract_tests.test_p4p_contract" name="test_numeric_waveform_contract" time="0.129" /><testcase classname="contract_tests.test_p4p_contract" name="test_char_waveform_contract" time="0.129" /><testcase classname="contract_tests.test_p4p_contract" name="test_str_waveform_contract" time="0.118" /><testcase classname="contract_tests.test_p4p_contract" name="test_analog_array_contract" time="0.135" /><testcase classname="contract_tests.test_p4p_contract" name="test_monitor_disconnects_raises" time="0.017" /></testsuite></testsuites>